<?xml version="1.0" encoding="UTF-8"?>
<!-- Generated by org.testng.reporters.JUnitReportReporter -->
<testsuite hostname="Harikrishna" failures="1" tests="12" name="api.test.BookerPositiveTests" time="8.701" errors="0" timestamp="2025-02-20T23:02:29 IST" skipped="0">
  <testcase classname="api.test.BookerPositiveTests" name="testCreateBooking" time="6.439"/>
  <system-out/>
  <testcase classname="api.test.BookerPositiveTests" name="validateAddItemStatusCode" time="0.001"/>
  <system-out/>
  <testcase classname="api.test.BookerPositiveTests" name="validateAddItemResponseTime" time="0.029">
    <failure message="Response time is too high! expected [true] but found [false]" type="java.lang.AssertionError">
      <![CDATA[java.lang.AssertionError: Response time is too high! expected [true] but found [false]
at org.testng.Assert.fail(Assert.java:110)
at org.testng.Assert.failNotEquals(Assert.java:1577)
at org.testng.Assert.assertTrue(Assert.java:56)
at api.test.BookerPositiveTests.validateAddItemResponseTime(BookerPositiveTests.java:103)
at java.base/jdk.internal.reflect.DirectMethodHandleAccessor.invoke(DirectMethodHandleAccessor.java:103)
at java.base/java.lang.reflect.Method.invoke(Method.java:580)
at org.testng.internal.invokers.MethodInvocationHelper.invokeMethod(MethodInvocationHelper.java:139)
at org.testng.internal.invokers.TestInvoker.invokeMethod(TestInvoker.java:677)
at org.testng.internal.invokers.TestInvoker.invokeTestMethod(TestInvoker.java:221)
at org.testng.internal.invokers.MethodRunner.runInSequence(MethodRunner.java:50)
at org.testng.internal.invokers.TestInvoker$MethodInvocationAgent.invoke(TestInvoker.java:969)
at org.testng.internal.invokers.TestInvoker.invokeTestMethods(TestInvoker.java:194)
at org.testng.internal.invokers.TestMethodWorker.invokeTestMethods(TestMethodWorker.java:148)
at org.testng.internal.invokers.TestMethodWorker.run(TestMethodWorker.java:128)
at java.base/java.util.ArrayList.forEach(ArrayList.java:1596)
at org.testng.TestRunner.privateRun(TestRunner.java:829)
at org.testng.TestRunner.run(TestRunner.java:602)
at org.testng.SuiteRunner.runTest(SuiteRunner.java:437)
at org.testng.SuiteRunner.runSequentially(SuiteRunner.java:431)
at org.testng.SuiteRunner.privateRun(SuiteRunner.java:391)
at org.testng.SuiteRunner.run(SuiteRunner.java:330)
at org.testng.SuiteRunnerWorker.runSuite(SuiteRunnerWorker.java:52)
at org.testng.SuiteRunnerWorker.run(SuiteRunnerWorker.java:95)
at org.testng.TestNG.runSuitesSequentially(TestNG.java:1256)
at org.testng.TestNG.runSuitesLocally(TestNG.java:1176)
at org.testng.TestNG.runSuites(TestNG.java:1099)
at org.testng.TestNG.run(TestNG.java:1067)
at org.apache.maven.surefire.testng.TestNGExecutor.run(TestNGExecutor.java:324)
at org.apache.maven.surefire.testng.TestNGXmlTestSuite.execute(TestNGXmlTestSuite.java:74)
at org.apache.maven.surefire.testng.TestNGProvider.invoke(TestNGProvider.java:123)
at org.apache.maven.surefire.booter.ForkedBooter.runSuitesInProcess(ForkedBooter.java:456)
at org.apache.maven.surefire.booter.ForkedBooter.execute(ForkedBooter.java:169)
at org.apache.maven.surefire.booter.ForkedBooter.run(ForkedBooter.java:595)
at org.apache.maven.surefire.booter.ForkedBooter.main(ForkedBooter.java:581)
]]>
    </failure>
  </testcase> <!-- validateAddItemResponseTime -->
  <system-out/>
  <testcase classname="api.test.BookerPositiveTests" name="validateContentTypeHeader" time="0.001"/>
  <system-out/>
  <testcase classname="api.test.BookerPositiveTests" name="validateResponseBodyFields" time="0.246"/>
  <system-out/>
  <testcase classname="api.test.BookerPositiveTests" name="validateBookingDatesFormat" time="0.067"/>
  <system-out/>
  <testcase classname="api.test.BookerPositiveTests" name="testGetBooking" time="1.794"/>
  <system-out/>
  <testcase classname="api.test.BookerPositiveTests" name="validateReadItemStatusCode" time="0.001"/>
  <system-out/>
  <testcase classname="api.test.BookerPositiveTests" name="validateReadItemResponseTime" time="0.000"/>
  <system-out/>
  <testcase classname="api.test.BookerPositiveTests" name="validatereadContentType" time="0.001"/>
  <system-out/>
  <testcase classname="api.test.BookerPositiveTests" name="validatereadItesmBookingFields" time="0.086"/>
  <system-out/>
  <testcase classname="api.test.BookerPositiveTests" name="validatereadItemDateFormat" time="0.036"/>
  <system-out/>
</testsuite> <!-- api.test.BookerPositiveTests -->
